Using pre-set license
Built from '2020.3/release' branch; Version is '2020.3.7f1 (dd97f2c94397) revision 14522354'; Using compiler version '192528614'; Build Type 'Release'
OS: 'Windows 10 Education; OS build 19044.1415; Version 2009; 64bit' Language: 'en' Physical Memory: 16304 MB
BatchMode: 1, IsHumanControllingUs: 0, StartBugReporterOnCrash: 0, Is64bit: 1, IsPro: 0

 COMMAND LINE ARGUMENTS:
C:\Program Files\Unity\Hub\Editor\2020.3.7f1\Editor\Unity.exe
-adb2
-batchMode
-noUpm
-name
AssetImportWorker0
-projectPath
C:/Users/giffowil003/DrediGon
-logFile
Logs/AssetImportWorker0.log
-srvPort
65071
Successfully changed project path to: C:/Users/giffowil003/DrediGon
C:/Users/giffowil003/DrediGon
Using Asset Import Pipeline V2.
Refreshing native plugins compatible for Editor in 28.89 ms, found 0 plugins.
Preloading 0 native plugins for Editor in 0.00 ms.
Initialize engine version: 2020.3.7f1 (dd97f2c94397)
[Subsystems] Discovering subsystems at path C:/Program Files/Unity/Hub/Editor/2020.3.7f1/Editor/Data/Resources/UnitySubsystems
[Subsystems] Discovering subsystems at path C:/Users/giffowil003/DrediGon/Assets
GfxDevice: creating device client; threaded=0
Direct3D:
    Version:  Direct3D 11.0 [level 11.1]
    Renderer: NVIDIA GeForce GTX 1050 Ti (ID=0x1c82)
    Vendor:   
    VRAM:     4018 MB
    Driver:   30.0.14.7141
Initialize mono
Mono path[0] = 'C:/Program Files/Unity/Hub/Editor/2020.3.7f1/Editor/Data/Managed'
Mono path[1] = 'C:/Program Files/Unity/Hub/Editor/2020.3.7f1/Editor/Data/MonoBleedingEdge/lib/mono/unityjit'
Mono config path = 'C:/Program Files/Unity/Hub/Editor/2020.3.7f1/Editor/Data/MonoBleedingEdge/etc'
Using monoOptions --debugger-agent=transport=dt_socket,embedding=1,server=y,suspend=n,address=127.0.0.1:56640
Begin MonoManager ReloadAssembly
Registering precompiled unity dll's ...
Register platform support module: C:/Program Files/Unity/Hub/Editor/2020.3.7f1/Editor/Data/PlaybackEngines/WebGLSupport/UnityEditor.WebGL.Extensions.dll
Register platform support module: C:/Program Files/Unity/Hub/Editor/2020.3.7f1/Editor/Data/PlaybackEngines/MacStandaloneSupport/UnityEditor.OSXStandalone.Extensions.dll
Register platform support module: C:/Program Files/Unity/Hub/Editor/2020.3.7f1/Editor/Data/PlaybackEngines/WindowsStandaloneSupport/UnityEditor.WindowsStandalone.Extensions.dll
Register platform support module: C:/Program Files/Unity/Hub/Editor/2020.3.7f1/Editor/Data/PlaybackEngines/LinuxStandaloneSupport/UnityEditor.LinuxStandalone.Extensions.dll
Register platform support module: C:/Program Files/Unity/Hub/Editor/2020.3.7f1/Editor/Data/PlaybackEngines/LuminSupport/UnityEditor.Lumin.Extensions.dll
Registered in 0.006985 seconds.
Native extension for Lumin target not found
Native extension for LinuxStandalone target not found
Native extension for WindowsStandalone target not found
Native extension for OSXStandalone target not found
Native extension for WebGL target not found
Refreshing native plugins compatible for Editor in 29.83 ms, found 0 plugins.
Preloading 0 native plugins for Editor in 0.00 ms.
Mono: successfully reloaded assembly
- Completed reload, in  7.335 seconds
Platform modules already initialized, skipping
Registering precompiled user dll's ...
Registered in 0.001262 seconds.
Begin MonoManager ReloadAssembly
Native extension for Lumin target not found
Native extension for LinuxStandalone target not found
Native extension for WindowsStandalone target not found
Native extension for OSXStandalone target not found
Native extension for WebGL target not found
Refreshing native plugins compatible for Editor in 0.21 ms, found 0 plugins.
Preloading 0 native plugins for Editor in 0.00 ms.
Mono: successfully reloaded assembly
- Completed reload, in  1.084 seconds
Platform modules already initialized, skipping
========================================================================
Worker process is ready to serve import requests
Launched and connected shader compiler UnityShaderCompiler.exe after 0.09 seconds
Refreshing native plugins compatible for Editor in 0.20 ms, found 0 plugins.
Preloading 0 native plugins for Editor in 0.00 ms.
Unloading 1115 Unused Serialized files (Serialized files now loaded: 0)
System memory in use before: 57.2 MB.
System memory in use after: 57.3 MB.

Unloading 10 unused Assets to reduce memory usage. Loaded Objects now: 1557.
Total: 2.136000 ms (FindLiveObjects: 0.132300 ms CreateObjectMapping: 0.039000 ms MarkObjects: 1.879600 ms  DeleteObjects: 0.084100 ms)

========================================================================
Received Import Request.
  path: Assets/Scenes
  artifactKey: Guid(2163250069a14c046bcdaece6257da9f) Importer(815301076,1909f56bfc062723c751e8b465ee728b)
Start importing Assets/Scenes using Guid(2163250069a14c046bcdaece6257da9f) Importer(815301076,1909f56bfc062723c751e8b465ee728b)  -> (artifact id: '9dc1589d83090fe94abca52e426e976a') in 0.046376 seconds
  Import took 0.048342 seconds .

========================================================================
Received Import Request.
  Time since last request: 0.000237 seconds.
  path: Assets/Scenes/SampleScene.unity
  artifactKey: Guid(9fc0d4010bbf28b4594072e72b8655ab) Importer(815301076,1909f56bfc062723c751e8b465ee728b)
Start importing Assets/Scenes/SampleScene.unity using Guid(9fc0d4010bbf28b4594072e72b8655ab) Importer(815301076,1909f56bfc062723c751e8b465ee728b)  -> (artifact id: '73375568fee951cd03f03eadad72722f') in 0.012663 seconds
  Import took 0.014623 seconds .

========================================================================
Received Import Request.
  Time since last request: 6.012326 seconds.
  path: Assets
  artifactKey: Guid(00000000000000001000000000000000) Importer(815301076,1909f56bfc062723c751e8b465ee728b)
Start importing Assets using Guid(00000000000000001000000000000000) Importer(815301076,1909f56bfc062723c751e8b465ee728b)  -> (artifact id: '5f6a1853b736837ecfb0820a881449cb') in 0.006447 seconds
  Import took 0.008762 seconds .

========================================================================
Received Import Request.
  Time since last request: 5.751725 seconds.
  path: Assets/Terrain
  artifactKey: Guid(996e2b72b198b1f46889624484a0545b) Importer(815301076,1909f56bfc062723c751e8b465ee728b)
Start importing Assets/Terrain using Guid(996e2b72b198b1f46889624484a0545b) Importer(815301076,1909f56bfc062723c751e8b465ee728b)  -> (artifact id: 'ad2f5aa20ad75a60676ffa373c89e9ff') in 0.006071 seconds
  Import took 0.008274 seconds .

========================================================================
Received Import Request.
  Time since last request: 29.726149 seconds.
  path: Assets/Terrain/Testing.terrainlayer
  artifactKey: Guid(34d134d868c33c8439f768a26329a143) Importer(815301076,1909f56bfc062723c751e8b465ee728b)
Start importing Assets/Terrain/Testing.terrainlayer using Guid(34d134d868c33c8439f768a26329a143) Importer(815301076,1909f56bfc062723c751e8b465ee728b)  -> (artifact id: 'dc68b17cd5f38b661ff8a1a54344061a') in 0.374439 seconds
  Import took 0.377307 seconds .

========================================================================
Received Import Request.
  Time since last request: 48.923747 seconds.
  path: Assets/New Terrain.asset
  artifactKey: Guid(ef2ad572fd57ebe499d1058439f3d00b) Importer(815301076,1909f56bfc062723c751e8b465ee728b)
Start importing Assets/New Terrain.asset using Guid(ef2ad572fd57ebe499d1058439f3d00b) Importer(815301076,1909f56bfc062723c751e8b465ee728b)  -> (artifact id: 'fffe5c8c95c99b6c10d0975f9e5efb84') in 0.022962 seconds
  Import took 0.026510 seconds .

========================================================================
Received Import Request.
  Time since last request: 7.489058 seconds.
  path: Assets/Outdoor.asset
  artifactKey: Guid(ef2ad572fd57ebe499d1058439f3d00b) Importer(815301076,1909f56bfc062723c751e8b465ee728b)
Start importing Assets/Outdoor.asset using Guid(ef2ad572fd57ebe499d1058439f3d00b) Importer(815301076,1909f56bfc062723c751e8b465ee728b)  -> (artifact id: '93c0b5843c561bb15721a0d17bea1b71') in 0.018255 seconds
  Import took 0.021719 seconds .

========================================================================
Received Import Request.
  Time since last request: 528.075444 seconds.
  path: Assets/Terrain/Outdoor.asset
  artifactKey: Guid(ef2ad572fd57ebe499d1058439f3d00b) Importer(815301076,1909f56bfc062723c751e8b465ee728b)
Start importing Assets/Terrain/Outdoor.asset using Guid(ef2ad572fd57ebe499d1058439f3d00b) Importer(815301076,1909f56bfc062723c751e8b465ee728b)  -> (artifact id: 'e8606cf0a257190b838eb3bd9d31fe10') in 0.017236 seconds
  Import took 0.022724 seconds .

========================================================================
Received Import Request.
  Time since last request: 12.276391 seconds.
  path: Assets/Player Movement
  artifactKey: Guid(2fe29e383ef6c914da5351fed7797bc1) Importer(815301076,1909f56bfc062723c751e8b465ee728b)
Start importing Assets/Player Movement using Guid(2fe29e383ef6c914da5351fed7797bc1) Importer(815301076,1909f56bfc062723c751e8b465ee728b)  -> (artifact id: 'd2572614c725d3a93b41852a771ad24a') in 0.005319 seconds
  Import took 0.010079 seconds .

========================================================================
Received Import Request.
  Time since last request: 25.190426 seconds.
  path: Assets/Scripts
  artifactKey: Guid(72eb0992d774a9a41986615bc68ddcc4) Importer(815301076,1909f56bfc062723c751e8b465ee728b)
Start importing Assets/Scripts using Guid(72eb0992d774a9a41986615bc68ddcc4) Importer(815301076,1909f56bfc062723c751e8b465ee728b)  -> (artifact id: 'e10a1100a93ac2f21e43deb58b7937b9') in 0.006341 seconds
  Import took 0.008627 seconds .

========================================================================
Received Import Request.
  Time since last request: 10.057210 seconds.
  path: Assets/Scripts/Player Movement
  artifactKey: Guid(bfede96c8c8f9f04389cd94e9bcb28d4) Importer(815301076,1909f56bfc062723c751e8b465ee728b)
Start importing Assets/Scripts/Player Movement using Guid(bfede96c8c8f9f04389cd94e9bcb28d4) Importer(815301076,1909f56bfc062723c751e8b465ee728b)  -> (artifact id: '8e92c6c236375cc7ad58d55830c36217') in 0.005871 seconds
  Import took 0.027889 seconds .

========================================================================
Received Import Request.
  Time since last request: 5.362574 seconds.
  path: Assets/Scripts/Melee
  artifactKey: Guid(7a7212e5d7698e746b98bb76fcad7dbd) Importer(815301076,1909f56bfc062723c751e8b465ee728b)
Start importing Assets/Scripts/Melee using Guid(7a7212e5d7698e746b98bb76fcad7dbd) Importer(815301076,1909f56bfc062723c751e8b465ee728b)  -> (artifact id: '949eab9d373b09dd3973d15f5b39fb78') in 0.007443 seconds
  Import took 0.029392 seconds .

========================================================================
Received Import Request.
  Time since last request: 10.699537 seconds.
  path: Assets/Scripts/Mage
  artifactKey: Guid(062b5718a4217a346be50934cb33ee76) Importer(815301076,1909f56bfc062723c751e8b465ee728b)
Start importing Assets/Scripts/Mage using Guid(062b5718a4217a346be50934cb33ee76) Importer(815301076,1909f56bfc062723c751e8b465ee728b)  -> (artifact id: '660888ddb73bb58891e3db83df758120') in 0.006516 seconds
  Import took 0.009847 seconds .

========================================================================
Received Import Request.
  Time since last request: 0.001622 seconds.
  path: Assets/Scripts/Mage
  artifactKey: Guid(062b5718a4217a346be50934cb33ee76) Importer(815301076,1909f56bfc062723c751e8b465ee728b)
Start importing Assets/Scripts/Mage using Guid(062b5718a4217a346be50934cb33ee76) Importer(815301076,1909f56bfc062723c751e8b465ee728b)  -> (artifact id: '660888ddb73bb58891e3db83df758120') in 0.005882 seconds
  Import took 0.010280 seconds .

========================================================================
Received Import Request.
  Time since last request: 5.306238 seconds.
  path: Assets/Scripts/Tech
  artifactKey: Guid(744440b37b85f5b4590c5fda1df66523) Importer(815301076,1909f56bfc062723c751e8b465ee728b)
Start importing Assets/Scripts/Tech using Guid(744440b37b85f5b4590c5fda1df66523) Importer(815301076,1909f56bfc062723c751e8b465ee728b)  -> (artifact id: 'b1c5007f7467dfcbc929ecbac20b901e') in 0.006184 seconds
  Import took 0.038800 seconds .

========================================================================
Received Import Request.
  Time since last request: 19.203746 seconds.
  path: Assets/Scripts/Player Movement/PlayerController.cs
  artifactKey: Guid(f511b5be0daf93047b510955ff369f1f) Importer(815301076,1909f56bfc062723c751e8b465ee728b)
Start importing Assets/Scripts/Player Movement/PlayerController.cs using Guid(f511b5be0daf93047b510955ff369f1f) Importer(815301076,1909f56bfc062723c751e8b465ee728b)  -> (artifact id: 'd8b990fd57e4208a70dd60451d53c0ad') in 0.231874 seconds
  Import took 0.234714 seconds .

========================================================================
Received Prepare
Registering precompiled user dll's ...
Registered in 0.001296 seconds.
Begin MonoManager ReloadAssembly
Native extension for Lumin target not found
Native extension for LinuxStandalone target not found
Native extension for WindowsStandalone target not found
Native extension for OSXStandalone target not found
Native extension for WebGL target not found
Refreshing native plugins compatible for Editor in 0.32 ms, found 0 plugins.
Preloading 0 native plugins for Editor in 0.00 ms.
Mono: successfully reloaded assembly
- Completed reload, in  0.954 seconds
Platform modules already initialized, skipping
Refreshing native plugins compatible for Editor in 0.20 ms, found 0 plugins.
Preloading 0 native plugins for Editor in 0.00 ms.
Unloading 1111 Unused Serialized files (Serialized files now loaded: 0)
System memory in use before: 61.1 MB.
System memory in use after: 60.6 MB.

Unloading 7 unused Assets to reduce memory usage. Loaded Objects now: 1565.
Total: 1.969900 ms (FindLiveObjects: 0.158900 ms CreateObjectMapping: 0.049200 ms MarkObjects: 1.349200 ms  DeleteObjects: 0.410500 ms)

========================================================================
Received Prepare
Registering precompiled user dll's ...
Registered in 0.001600 seconds.
Begin MonoManager ReloadAssembly
Native extension for Lumin target not found
Native extension for LinuxStandalone target not found
Native extension for WindowsStandalone target not found
Native extension for OSXStandalone target not found
Native extension for WebGL target not found
Refreshing native plugins compatible for Editor in 0.21 ms, found 0 plugins.
Preloading 0 native plugins for Editor in 0.00 ms.
Mono: successfully reloaded assembly
- Completed reload, in  1.251 seconds
Platform modules already initialized, skipping
Refreshing native plugins compatible for Editor in 0.74 ms, found 0 plugins.
Preloading 0 native plugins for Editor in 0.00 ms.
Unloading 1111 Unused Serialized files (Serialized files now loaded: 0)
System memory in use before: 60.6 MB.
System memory in use after: 60.6 MB.

Unloading 5 unused Assets to reduce memory usage. Loaded Objects now: 1568.
Total: 1.736900 ms (FindLiveObjects: 0.183900 ms CreateObjectMapping: 0.045500 ms MarkObjects: 1.452400 ms  DeleteObjects: 0.053500 ms)

========================================================================
Received Prepare
Registering precompiled user dll's ...
Registered in 0.001111 seconds.
Begin MonoManager ReloadAssembly
Native extension for Lumin target not found
Native extension for LinuxStandalone target not found
Native extension for WindowsStandalone target not found
Native extension for OSXStandalone target not found
Native extension for WebGL target not found
Refreshing native plugins compatible for Editor in 0.21 ms, found 0 plugins.
Preloading 0 native plugins for Editor in 0.00 ms.
Mono: successfully reloaded assembly
- Completed reload, in  1.058 seconds
Platform modules already initialized, skipping
Refreshing native plugins compatible for Editor in 0.21 ms, found 0 plugins.
Preloading 0 native plugins for Editor in 0.00 ms.
Unloading 1119 Unused Serialized files (Serialized files now loaded: 0)
System memory in use before: 60.9 MB.
System memory in use after: 60.9 MB.

Unloading 5 unused Assets to reduce memory usage. Loaded Objects now: 1579.
Total: 1.671600 ms (FindLiveObjects: 0.128900 ms CreateObjectMapping: 0.036000 ms MarkObjects: 1.456700 ms  DeleteObjects: 0.048800 ms)

